<?xml version="1.0" encoding="UTF-8"?>
<!-- Generated by org.testng.reporters.JUnitXMLReporter -->
<testsuite hostname="RAMU-PC" ignored="0" name="Test" tests="4" failures="0" timestamp="04 Mar 2019 11:09:55 GMT" time="0.096" errors="0">
  <testcase name="test3" time="0.01" classname="com.testng.topics.ParallelExecution1"/>
  <testcase name="test1" time="0.015" classname="com.testng.topics.ParallelExecution"/>
  <testcase name="test2" time="0.016" classname="com.testng.topics.ParallelExecution"/>
  <testcase name="test4" time="0.03" classname="com.testng.topics.ParallelExecution1"/>
</testsuite> <!-- Test -->
