<?xml version="1.0" encoding="UTF-8"?>
<testng-results skipped="0" failed="0" ignored="0" total="1" passed="1">
  <reporter-output>
  </reporter-output>
  <suite name="Default suite" duration-ms="1296" started-at="2019-03-05T05:51:16Z" finished-at="2019-03-05T05:51:17Z">
    <groups>
    </groups>
    <test name="Default test" duration-ms="1296" started-at="2019-03-05T05:51:16Z" finished-at="2019-03-05T05:51:17Z">
      <class name="extentReport.ExtentReportGeneration">
        <test-method status="PASS" signature="test()[pri:0, instance:extentReport.ExtentReportGeneration@28d25987]" name="test" duration-ms="1213" started-at="2019-03-05T05:51:16Z" finished-at="2019-03-05T05:51:17Z">
          <reporter-output>
          </reporter-output>
        </test-method> <!-- test -->
      </class> <!-- extentReport.ExtentReportGeneration -->
    </test> <!-- Default test -->
  </suite> <!-- Default suite -->
</testng-results>
