<?xml version="1.0" encoding="UTF-8"?>
<!-- Generated by org.testng.reporters.JUnitXMLReporter -->
<testsuite hostname="RAMU-PC" ignored="0" name="Default test" tests="6" failures="0" timestamp="06 Mar 2019 08:47:46 GMT" time="137.106" errors="0">
  <testcase name="fbLogin" time="24.975" classname="com.testng.topics.DataProviderTesting"/>
  <testcase name="fbLogin" time="4.859" classname="com.testng.topics.DataProviderTesting"/>
  <testcase name="fbLogin" time="3.439" classname="com.testng.topics.DataProviderTesting"/>
  <testcase name="fbLogin" time="4.486" classname="com.testng.topics.DataProviderTesting"/>
  <testcase name="fbLogin" time="17.874" classname="com.testng.topics.DataProviderTesting"/>
  <testcase name="fbLogin" time="3.883" classname="com.testng.topics.DataProviderTesting"/>
</testsuite> <!-- Default test -->
